<?xml version="1.0" encoding="UTF-8"?>
<coverage generated="1534517294889" clover="3.2.0">
  <project timestamp="1534517294890" name="All files">
    <metrics statements="6" coveredstatements="6" conditionals="0" coveredconditionals="0" methods="3" coveredmethods="3" elements="9" coveredelements="9" complexity="0" loc="6" ncloc="6" packages="1" files="2" classes="2">
      <file name="App.js" path="/Users/Matt/Projects/ourpath-tech-test/App.js">
        <metrics statements="5" coveredstatements="5" conditionals="0" coveredconditionals="0" methods="3" coveredmethods="3"/>
        <line num="6" count="1" type="stmt"/>
        <line num="36" count="4" type="stmt"/>
        <line num="37" count="4" type="stmt"/>
        <line num="41" count="5" type="stmt"/>
        <line num="63" count="1" type="stmt"/>
      </file>
      <file name="ourpath_logo.png" path="/Users/Matt/Projects/ourpath-tech-test/ourpath_logo.png">
        <metrics statements="1" coveredstatements="1" conditionals="0" coveredconditionals="0" methods="0" coveredmethods="0"/>
        <line num="1" count="1" type="stmt"/>
      </file>
    </metrics>
  </project>
</coverage>
