{"/Users/Matt/Projects/ourpath-tech-test/App.js": {"path":"/Users/Matt/Projects/ourpath-tech-test/App.js","statementMap":{"0":{"start":{"line":6,"column":15},"end":{"line":32,"column":2}},"1":{"start":{"line":36,"column":4},"end":{"line":36,"column":16}},"2":{"start":{"line":37,"column":4},"end":{"line":37,"column":29}},"3":{"start":{"line":41,"column":4},"end":{"line":68,"column":5}},"4":{"start":{"line":63,"column":34},"end":{"line":63,"column":57}}},"fnMap":{"0":{"name":"(anonymous_0)","decl":{"start":{"line":35,"column":2},"end":{"line":35,"column":3}},"loc":{"start":{"line":35,"column":21},"end":{"line":38,"column":3}},"line":35},"1":{"name":"(anonymous_1)","decl":{"start":{"line":40,"column":2},"end":{"line":40,"column":3}},"loc":{"start":{"line":40,"column":11},"end":{"line":69,"column":3}},"line":40},"2":{"name":"(anonymous_2)","decl":{"start":{"line":63,"column":26},"end":{"line":63,"column":27}},"loc":{"start":{"line":63,"column":34},"end":{"line":63,"column":57}},"line":63}},"branchMap":{},"s":{"0":1,"1":4,"2":4,"3":5,"4":1},"f":{"0":4,"1":5,"2":1},"b":{},"_coverageSchema":"332fd63041d2c1bcb487cc26dd0d5f7d97098a6c","hash":"0177456fa8694c4a52d11ee01e6dffa1007996bd"}
,"/Users/Matt/Projects/ourpath-tech-test/ourpath_logo.png": {"path":"/Users/Matt/Projects/ourpath-tech-test/ourpath_logo.png","statementMap":{"0":{"start":{"line":1,"column":0},"end":{"line":1,"column":19}}},"fnMap":{},"branchMap":{},"s":{"0":1},"f":{},"b":{},"_coverageSchema":"332fd63041d2c1bcb487cc26dd0d5f7d97098a6c","hash":"b6fa206623ce18957c9080392008f0470f61919c"}
}
